<?xml version='1.0' encoding='UTF-8'?>
<testsuite hostname="DESKTOP-98B3OOV" name="ServerTest" tests="6" errors="0" failures="0" skipped="0" time="0.793" timestamp="2024-01-21T18:21:30">
          <properties>
[...]
</properties>
          <testcase classname="ServerTest" name="should create empty GameService" time="0.174">
                      
                    </testcase><testcase classname="ServerTest" name="should be able to connect to the GameService websocket" time="0.392">
                      
                    </testcase><testcase classname="ServerTest" name="should respond with correct message" time="0.092">
                      
                    </testcase><testcase classname="ServerTest" name="should register player" time="0.039">
                      
                    </testcase><testcase classname="ServerTest" name="should register multiple players" time="0.061">
                      
                    </testcase><testcase classname="ServerTest" name="should register player and move it up" time="0.035">
                      
                    </testcase>
          <system-out><![CDATA[]]></system-out>
          <system-err><![CDATA[]]></system-err>
        </testsuite>